# JRE version: OpenJDK Runtime Environment (8.0_212-b04) (build 1.8.0_212-release-1586-b04)
# Java VM: OpenJDK 64-Bit Server VM (25.212-b04 mixed mode windows-amd64 compressed oops)
Heap:
 PSYoungGen      total 172032K, used 64818K [0x00000000e0000000, 0x00000000ede80000, 0x0000000100000000)
  eden space 155648K, 31% used [0x00000000e0000000,0x00000000e2f520b0,0x00000000e9800000)
  from space 16384K, 99% used [0x00000000e9800000,0x00000000ea7faab8,0x00000000ea800000)
  to   space 20480K, 0% used [0x00000000eca80000,0x00000000eca80000,0x00000000ede80000)
 ParOldGen       total 144896K, used 35679K [0x00000000a0000000, 0x00000000a8d80000, 0x00000000e0000000)
  object space 144896K, 24% used [0x00000000a0000000,0x00000000a22d7c60,0x00000000a8d80000)
 Metaspace       used 63470K, capacity 65710K, committed 66008K, reserved 1105920K
  class space    used 8616K, capacity 9126K, committed 9176K, reserved 1048576K
GC Heap History (10 events):
Event: 6.858 GC heap before
{Heap before GC invocations=12 (full 2):
 PSYoungGen      total 118272K, used 106496K [0x00000000e0000000, 0x00000000ea680000, 0x0000000100000000)
  eden space 106496K, 100% used [0x00000000e0000000,0x00000000e6800000,0x00000000e6800000)
  from space 11776K, 0% used [0x00000000e6800000,0x00000000e6800000,0x00000000e7380000)
  to   space 12288K, 0% used [0x00000000e9a80000,0x00000000e9a80000,0x00000000ea680000)
 ParOldGen       total 96256K, used 16498K [0x00000000a0000000, 0x00000000a5e00000, 0x00000000e0000000)
  object space 96256K, 17% used [0x00000000a0000000,0x00000000a101cad8,0x00000000a5e00000)
 Metaspace       used 45103K, capacity 46140K, committed 46336K, reserved 1089536K
  class space    used 6075K, capacity 6368K, committed 6400K, reserved 1048576K
Event: 6.874 GC heap after
Heap after GC invocations=12 (full 2):
 PSYoungGen      total 140288K, used 12286K [0x00000000e0000000, 0x00000000ea680000, 0x0000000100000000)
  eden space 128000K, 0% used [0x00000000e0000000,0x00000000e0000000,0x00000000e7d00000)
  from space 12288K, 99% used [0x00000000e9a80000,0x00000000ea67f820,0x00000000ea680000)
  to   space 14848K, 0% used [0x00000000e8980000,0x00000000e8980000,0x00000000e9800000)
 ParOldGen       total 96256K, used 19332K [0x00000000a0000000, 0x00000000a5e00000, 0x00000000e0000000)
  object space 96256K, 20% used [0x00000000a0000000,0x00000000a12e1148,0x00000000a5e00000)
 Metaspace       used 45103K, capacity 46140K, committed 46336K, reserved 1089536K
  class space    used 6075K, capacity 6368K, committed 6400K, reserved 1048576K
}
Event: 9.070 GC heap before
{Heap before GC invocations=13 (full 2):
 PSYoungGen      total 140288K, used 140286K [0x00000000e0000000, 0x00000000ea680000, 0x0000000100000000)
  eden space 128000K, 100% used [0x00000000e0000000,0x00000000e7d00000,0x00000000e7d00000)
  from space 12288K, 99% used [0x00000000e9a80000,0x00000000ea67f820,0x00000000ea680000)
  to   space 14848K, 0% used [0x00000000e8980000,0x00000000e8980000,0x00000000e9800000)
 ParOldGen       total 96256K, used 19332K [0x00000000a0000000, 0x00000000a5e00000, 0x00000000e0000000)
  object space 96256K, 20% used [0x00000000a0000000,0x00000000a12e1148,0x00000000a5e00000)
 Metaspace       used 55778K, capacity 57578K, committed 57856K, reserved 1099776K
  class space    used 7688K, capacity 8156K, committed 8192K, reserved 1048576K
Event: 9.110 GC heap after
Heap after GC invocations=13 (full 2):
 PSYoungGen      total 155648K, used 14565K [0x00000000e0000000, 0x00000000eb800000, 0x0000000100000000)
  eden space 140800K, 0% used [0x00000000e0000000,0x00000000e0000000,0x00000000e8980000)
  from space 14848K, 98% used [0x00000000e8980000,0x00000000e97b9410,0x00000000e9800000)
  to   space 16384K, 0% used [0x00000000ea800000,0x00000000ea800000,0x00000000eb800000)
 ParOldGen       total 96256K, used 25482K [0x00000000a0000000, 0x00000000a5e00000, 0x00000000e0000000)
  object space 96256K, 26% used [0x00000000a0000000,0x00000000a18e2950,0x00000000a5e00000)
 Metaspace       used 55778K, capacity 57578K, committed 57856K, reserved 1099776K
  class space    used 7688K, capacity 8156K, committed 8192K, reserved 1048576K
}
Event: 9.714 GC heap before
{Heap before GC invocations=14 (full 2):
 PSYoungGen      total 155648K, used 40894K [0x00000000e0000000, 0x00000000eb800000, 0x0000000100000000)
  eden space 140800K, 18% used [0x00000000e0000000,0x00000000e19b6688,0x00000000e8980000)
  from space 14848K, 98% used [0x00000000e8980000,0x00000000e97b9410,0x00000000e9800000)
  to   space 16384K, 0% used [0x00000000ea800000,0x00000000ea800000,0x00000000eb800000)
 ParOldGen       total 96256K, used 25482K [0x00000000a0000000, 0x00000000a5e00000, 0x00000000e0000000)
  object space 96256K, 26% used [0x00000000a0000000,0x00000000a18e2950,0x00000000a5e00000)
 Metaspace       used 57022K, capacity 59004K, committed 59096K, reserved 1099776K
  class space    used 7886K, capacity 8377K, committed 8408K, reserved 1048576K
Event: 9.730 GC heap after
Heap after GC invocations=14 (full 2):
 PSYoungGen      total 172032K, used 10489K [0x00000000e0000000, 0x00000000eca80000, 0x0000000100000000)
  eden space 155648K, 0% used [0x00000000e0000000,0x00000000e0000000,0x00000000e9800000)
  from space 16384K, 64% used [0x00000000ea800000,0x00000000eb23e510,0x00000000eb800000)
  to   space 16384K, 0% used [0x00000000e9800000,0x00000000e9800000,0x00000000ea800000)
 ParOldGen       total 96256K, used 25490K [0x00000000a0000000, 0x00000000a5e00000, 0x00000000e0000000)
  object space 96256K, 26% used [0x00000000a0000000,0x00000000a18e4950,0x00000000a5e00000)
 Metaspace       used 57022K, capacity 59004K, committed 59096K, reserved 1099776K
  class space    used 7886K, capacity 8377K, committed 8408K, reserved 1048576K
}
Event: 9.730 GC heap before
{Heap before GC invocations=15 (full 3):
 PSYoungGen      total 172032K, used 10489K [0x00000000e0000000, 0x00000000eca80000, 0x0000000100000000)
  eden space 155648K, 0% used [0x00000000e0000000,0x00000000e0000000,0x00000000e9800000)
  from space 16384K, 64% used [0x00000000ea800000,0x00000000eb23e510,0x00000000eb800000)
  to   space 16384K, 0% used [0x00000000e9800000,0x00000000e9800000,0x00000000ea800000)
 ParOldGen       total 96256K, used 25490K [0x00000000a0000000, 0x00000000a5e00000, 0x00000000e0000000)
  object space 96256K, 26% used [0x00000000a0000000,0x00000000a18e4950,0x00000000a5e00000)
 Metaspace       used 57022K, capacity 59004K, committed 59096K, reserved 1099776K
  class space    used 7886K, capacity 8377K, committed 8408K, reserved 1048576K
Event: 10.079 GC heap after
Heap after GC invocations=15 (full 3):
 PSYoungGen      total 172032K, used 0K [0x00000000e0000000, 0x00000000eca80000, 0x0000000100000000)
  eden space 155648K, 0% used [0x00000000e0000000,0x00000000e0000000,0x00000000e9800000)
  from space 16384K, 0% used [0x00000000ea800000,0x00000000ea800000,0x00000000eb800000)
  to   space 16384K, 0% used [0x00000000e9800000,0x00000000e9800000,0x00000000ea800000)
 ParOldGen       total 144896K, used 30468K [0x00000000a0000000, 0x00000000a8d80000, 0x00000000e0000000)
  object space 144896K, 21% used [0x00000000a0000000,0x00000000a1dc1318,0x00000000a8d80000)
 Metaspace       used 56960K, capacity 58824K, committed 59096K, reserved 1099776K
  class space    used 7868K, capacity 8345K, committed 8408K, reserved 1048576K
}
Event: 13.872 GC heap before
{Heap before GC invocations=16 (full 3):
 PSYoungGen      total 172032K, used 155648K [0x00000000e0000000, 0x00000000eca80000, 0x0000000100000000)
  eden space 155648K, 100% used [0x00000000e0000000,0x00000000e9800000,0x00000000e9800000)
  from space 16384K, 0% used [0x00000000ea800000,0x00000000ea800000,0x00000000eb800000)
  to   space 16384K, 0% used [0x00000000e9800000,0x00000000e9800000,0x00000000ea800000)
 ParOldGen       total 144896K, used 30468K [0x00000000a0000000, 0x00000000a8d80000, 0x00000000e0000000)
  object space 144896K, 21% used [0x00000000a0000000,0x00000000a1dc1318,0x00000000a8d80000)
 Metaspace       used 62573K, capacity 64824K, committed 65112K, reserved 1105920K
  class space    used 8515K, capacity 9005K, committed 9048K, reserved 1048576K
Event: 13.998 GC heap after
Heap after GC invocations=16 (full 3):
 PSYoungGen      total 172032K, used 16362K [0x00000000e0000000, 0x00000000ede80000, 0x0000000100000000)
  eden space 155648K, 0% used [0x00000000e0000000,0x00000000e0000000,0x00000000e9800000)
  from space 16384K, 99% used [0x00000000e9800000,0x00000000ea7faab8,0x00000000ea800000)
  to   space 20480K, 0% used [0x00000000eca80000,0x00000000eca80000,0x00000000ede80000)
 ParOldGen       total 144896K, used 35679K [0x00000000a0000000, 0x00000000a8d80000, 0x00000000e0000000)
  object space 144896K, 24% used [0x00000000a0000000,0x00000000a22d7c60,0x00000000a8d80000)
 Metaspace       used 62573K, capacity 64824K, committed 65112K, reserved 1105920K
  class space    used 8515K, capacity 9005K, committed 9048K, reserved 1048576K
}

