# JRE version: OpenJDK Runtime Environment (8.0_212-b04) (build 1.8.0_212-release-1586-b04)
# Java VM: OpenJDK 64-Bit Server VM (25.212-b04 mixed mode windows-amd64 compressed oops)
Heap:
 PSYoungGen      total 312320K, used 88715K [0x00000000e0000000, 0x00000000f5880000, 0x0000000100000000)
  eden space 290304K, 23% used [0x00000000e0000000,0x00000000e43a2800,0x00000000f1b80000)
  from space 22016K, 88% used [0x00000000f3380000,0x00000000f46806e0,0x00000000f4900000)
  to   space 24576K, 0% used [0x00000000f1b80000,0x00000000f1b80000,0x00000000f3380000)
 ParOldGen       total 125952K, used 39598K [0x00000000a0000000, 0x00000000a7b00000, 0x00000000e0000000)
  object space 125952K, 31% used [0x00000000a0000000,0x00000000a26abaf0,0x00000000a7b00000)
 Metaspace       used 82994K, capacity 87256K, committed 87460K, reserved 1124352K
  class space    used 11285K, capacity 12070K, committed 12196K, reserved 1048576K
GC Heap History (10 events):
Event: 10.089 GC heap before
{Heap before GC invocations=15 (full 2):
 PSYoungGen      total 184320K, used 10735K [0x00000000e0000000, 0x00000000edd80000, 0x0000000100000000)
  eden space 165376K, 4% used [0x00000000e0000000,0x00000000e07b08b8,0x00000000ea180000)
  from space 18944K, 15% used [0x00000000eb400000,0x00000000eb6cb430,0x00000000ec680000)
  to   space 18944K, 0% used [0x00000000ea180000,0x00000000ea180000,0x00000000eb400000)
 ParOldGen       total 93184K, used 33181K [0x00000000a0000000, 0x00000000a5b00000, 0x00000000e0000000)
  object space 93184K, 35% used [0x00000000a0000000,0x00000000a20674c8,0x00000000a5b00000)
 Metaspace       used 57248K, capacity 59412K, committed 59428K, reserved 1099776K
  class space    used 7960K, capacity 8468K, committed 8484K, reserved 1048576K
Event: 10.094 GC heap after
Heap after GC invocations=15 (full 2):
 PSYoungGen      total 184320K, used 320K [0x00000000e0000000, 0x00000000f1180000, 0x0000000100000000)
  eden space 165376K, 0% used [0x00000000e0000000,0x00000000e0000000,0x00000000ea180000)
  from space 18944K, 1% used [0x00000000ea180000,0x00000000ea1d0000,0x00000000eb400000)
  to   space 19456K, 0% used [0x00000000efe80000,0x00000000efe80000,0x00000000f1180000)
 ParOldGen       total 93184K, used 35330K [0x00000000a0000000, 0x00000000a5b00000, 0x00000000e0000000)
  object space 93184K, 37% used [0x00000000a0000000,0x00000000a2280a80,0x00000000a5b00000)
 Metaspace       used 57248K, capacity 59412K, committed 59428K, reserved 1099776K
  class space    used 7960K, capacity 8468K, committed 8484K, reserved 1048576K
}
Event: 10.094 GC heap before
{Heap before GC invocations=16 (full 3):
 PSYoungGen      total 184320K, used 320K [0x00000000e0000000, 0x00000000f1180000, 0x0000000100000000)
  eden space 165376K, 0% used [0x00000000e0000000,0x00000000e0000000,0x00000000ea180000)
  from space 18944K, 1% used [0x00000000ea180000,0x00000000ea1d0000,0x00000000eb400000)
  to   space 19456K, 0% used [0x00000000efe80000,0x00000000efe80000,0x00000000f1180000)
 ParOldGen       total 93184K, used 35330K [0x00000000a0000000, 0x00000000a5b00000, 0x00000000e0000000)
  object space 93184K, 37% used [0x00000000a0000000,0x00000000a2280a80,0x00000000a5b00000)
 Metaspace       used 57248K, capacity 59412K, committed 59428K, reserved 1099776K
  class space    used 7960K, capacity 8468K, committed 8484K, reserved 1048576K
Event: 10.375 GC heap after
Heap after GC invocations=16 (full 3):
 PSYoungGen      total 184320K, used 0K [0x00000000e0000000, 0x00000000f1180000, 0x0000000100000000)
  eden space 165376K, 0% used [0x00000000e0000000,0x00000000e0000000,0x00000000ea180000)
  from space 18944K, 0% used [0x00000000ea180000,0x00000000ea180000,0x00000000eb400000)
  to   space 19456K, 0% used [0x00000000efe80000,0x00000000efe80000,0x00000000f1180000)
 ParOldGen       total 125952K, used 30036K [0x00000000a0000000, 0x00000000a7b00000, 0x00000000e0000000)
  object space 125952K, 23% used [0x00000000a0000000,0x00000000a1d55088,0x00000000a7b00000)
 Metaspace       used 57049K, capacity 58872K, committed 59428K, reserved 1099776K
  class space    used 7896K, capacity 8354K, committed 8484K, reserved 1048576K
}
Event: 12.756 GC heap before
{Heap before GC invocations=17 (full 3):
 PSYoungGen      total 184320K, used 165376K [0x00000000e0000000, 0x00000000f1180000, 0x0000000100000000)
  eden space 165376K, 100% used [0x00000000e0000000,0x00000000ea180000,0x00000000ea180000)
  from space 18944K, 0% used [0x00000000ea180000,0x00000000ea180000,0x00000000eb400000)
  to   space 19456K, 0% used [0x00000000efe80000,0x00000000efe80000,0x00000000f1180000)
 ParOldGen       total 125952K, used 30036K [0x00000000a0000000, 0x00000000a7b00000, 0x00000000e0000000)
  object space 125952K, 23% used [0x00000000a0000000,0x00000000a1d55088,0x00000000a7b00000)
 Metaspace       used 62904K, capacity 65210K, committed 65444K, reserved 1105920K
  class space    used 8557K, capacity 9085K, committed 9124K, reserved 1048576K
Event: 12.782 GC heap after
Heap after GC invocations=17 (full 3):
 PSYoungGen      total 242176K, used 18503K [0x00000000e0000000, 0x00000000f1100000, 0x0000000100000000)
  eden space 223232K, 0% used [0x00000000e0000000,0x00000000e0000000,0x00000000eda00000)
  from space 18944K, 97% used [0x00000000efe80000,0x00000000f1091ce0,0x00000000f1100000)
  to   space 22016K, 0% used [0x00000000ee600000,0x00000000ee600000,0x00000000efb80000)
 ParOldGen       total 125952K, used 30044K [0x00000000a0000000, 0x00000000a7b00000, 0x00000000e0000000)
  object space 125952K, 23% used [0x00000000a0000000,0x00000000a1d57088,0x00000000a7b00000)
 Metaspace       used 62904K, capacity 65210K, committed 65444K, reserved 1105920K
  class space    used 8557K, capacity 9085K, committed 9124K, reserved 1048576K
}
Event: 16.884 GC heap before
{Heap before GC invocations=18 (full 3):
 PSYoungGen      total 242176K, used 241735K [0x00000000e0000000, 0x00000000f1100000, 0x0000000100000000)
  eden space 223232K, 100% used [0x00000000e0000000,0x00000000eda00000,0x00000000eda00000)
  from space 18944K, 97% used [0x00000000efe80000,0x00000000f1091ce0,0x00000000f1100000)
  to   space 22016K, 0% used [0x00000000ee600000,0x00000000ee600000,0x00000000efb80000)
 ParOldGen       total 125952K, used 30044K [0x00000000a0000000, 0x00000000a7b00000, 0x00000000e0000000)
  object space 125952K, 23% used [0x00000000a0000000,0x00000000a1d57088,0x00000000a7b00000)
 Metaspace       used 67958K, capacity 70410K, committed 70692K, reserved 1110016K
  class space    used 9131K, capacity 9671K, committed 9764K, reserved 1048576K
Event: 16.907 GC heap after
Heap after GC invocations=18 (full 3):
 PSYoungGen      total 257536K, used 12128K [0x00000000e0000000, 0x00000000f4900000, 0x0000000100000000)
  eden space 235520K, 0% used [0x00000000e0000000,0x00000000e0000000,0x00000000ee600000)
  from space 22016K, 55% used [0x00000000ee600000,0x00000000ef1d81d8,0x00000000efb80000)
  to   space 22016K, 0% used [0x00000000f3380000,0x00000000f3380000,0x00000000f4900000)
 ParOldGen       total 125952K, used 35500K [0x00000000a0000000, 0x00000000a7b00000, 0x00000000e0000000)
  object space 125952K, 28% used [0x00000000a0000000,0x00000000a22ab330,0x00000000a7b00000)
 Metaspace       used 67958K, capacity 70410K, committed 70692K, reserved 1110016K
  class space    used 9131K, capacity 9671K, committed 9764K, reserved 1048576K
}
Event: 20.238 GC heap before
{Heap before GC invocations=19 (full 3):
 PSYoungGen      total 257536K, used 247533K [0x00000000e0000000, 0x00000000f4900000, 0x0000000100000000)
  eden space 235520K, 99% used [0x00000000e0000000,0x00000000ee5e33d0,0x00000000ee600000)
  from space 22016K, 55% used [0x00000000ee600000,0x00000000ef1d81d8,0x00000000efb80000)
  to   space 22016K, 0% used [0x00000000f3380000,0x00000000f3380000,0x00000000f4900000)
 ParOldGen       total 125952K, used 35500K [0x00000000a0000000, 0x00000000a7b00000, 0x00000000e0000000)
  object space 125952K, 28% used [0x00000000a0000000,0x00000000a22ab330,0x00000000a7b00000)
 Metaspace       used 81811K, capacity 85844K, committed 86180K, reserved 1124352K
  class space    used 11093K, capacity 11844K, committed 11940K, reserved 1048576K
Event: 20.293 GC heap after
Heap after GC invocations=19 (full 3):
 PSYoungGen      total 312320K, used 19457K [0x00000000e0000000, 0x00000000f5880000, 0x0000000100000000)
  eden space 290304K, 0% used [0x00000000e0000000,0x00000000e0000000,0x00000000f1b80000)
  from space 22016K, 88% used [0x00000000f3380000,0x00000000f46806e0,0x00000000f4900000)
  to   space 24576K, 0% used [0x00000000f1b80000,0x00000000f1b80000,0x00000000f3380000)
 ParOldGen       total 125952K, used 39598K [0x00000000a0000000, 0x00000000a7b00000, 0x00000000e0000000)
  object space 125952K, 31% used [0x00000000a0000000,0x00000000a26abaf0,0x00000000a7b00000)
 Metaspace       used 81811K, capacity 85844K, committed 86180K, reserved 1124352K
  class space    used 11093K, capacity 11844K, committed 11940K, reserved 1048576K
}

